C:\DATA\DEVELOPMENT\VISUAL STUDIO PROJECTS\AI\AI.CORE\DEBUG\AI.CORE.PCH
C:\DATA\DEVELOPMENT\VISUAL STUDIO PROJECTS\AI\AI.CORE\DEBUG\STDAFX.OBJ
C:\DATA\DEVELOPMENT\VISUAL STUDIO PROJECTS\AI\AI.CORE\DEBUG\VC110.PDB
C:\DATA\DEVELOPMENT\VISUAL STUDIO PROJECTS\AI\AI.CORE\DEBUG\MATRIX.OBJ
C:\DATA\DEVELOPMENT\VISUAL STUDIO PROJECTS\AI\AI.CORE\DEBUG\ASSEMBLYINFO.OBJ
C:\DATA\DEVELOPMENT\VISUAL STUDIO PROJECTS\AI\AI.CORE\DEBUG\.NETFRAMEWORK,VERSION=V4.5.ASSEMBLYATTRIBUTES.OBJ
C:\DATA\DEVELOPMENT\VISUAL STUDIO PROJECTS\AI\AI.CORE\DEBUG\AI.CORE.ILK
C:\DATA\DEVELOPMENT\VISUAL STUDIO PROJECTS\AI\AI.CORE\DEBUG\AI.CORE.DLL
C:\DATA\DEVELOPMENT\VISUAL STUDIO PROJECTS\AI\AI.CORE\DEBUG\AI.CORE.PDB
C:\DATA\DEVELOPMENT\VISUAL STUDIO PROJECTS\AI\AI.CORE\DEBUG\APP.RES
C:\Data\Development\Visual Studio Projects\AI\AI.Core\Debug\AI.Core.vcxprojResolveAssemblyReference.cache
C:\Data\Development\Visual Studio Projects\AI\AI.Core\Debug\.NETFramework,Version=v4.5.AssemblyAttributes.obj
C:\Data\Development\Visual Studio Projects\AI\AI.Core\Debug\AssemblyInfo.obj
C:\Data\Development\Visual Studio Projects\AI\AI.Core\Debug\Matrix.obj
C:\Data\Development\Visual Studio Projects\AI\AI.Core\Debug\Stdafx.obj
C:\Data\Development\Visual Studio Projects\AI\AI.Core\Debug\AI.Core.ilk
C:\Data\Development\Visual Studio Projects\AI\AI.Core\Debug\cl.command.1.tlog
C:\Data\Development\Visual Studio Projects\AI\AI.Core\Debug\CL.read.1.tlog
C:\Data\Development\Visual Studio Projects\AI\AI.Core\Debug\CL.write.1.tlog
C:\Data\Development\Visual Studio Projects\AI\AI.Core\Debug\link.1048-cvtres.read.1.tlog
C:\Data\Development\Visual Studio Projects\AI\AI.Core\Debug\link.1048-cvtres.write.1.tlog
C:\Data\Development\Visual Studio Projects\AI\AI.Core\Debug\link.1048-rc.read.1.tlog
C:\Data\Development\Visual Studio Projects\AI\AI.Core\Debug\link.1048-rc.write.1.tlog
C:\Data\Development\Visual Studio Projects\AI\AI.Core\Debug\link.1048.read.1.tlog
C:\Data\Development\Visual Studio Projects\AI\AI.Core\Debug\link.1048.write.1.tlog
C:\Data\Development\Visual Studio Projects\AI\AI.Core\Debug\link.1112-cvtres.read.1.tlog
C:\Data\Development\Visual Studio Projects\AI\AI.Core\Debug\link.1112-cvtres.write.1.tlog
C:\Data\Development\Visual Studio Projects\AI\AI.Core\Debug\link.1112-rc.read.1.tlog
C:\Data\Development\Visual Studio Projects\AI\AI.Core\Debug\link.1112-rc.write.1.tlog
C:\Data\Development\Visual Studio Projects\AI\AI.Core\Debug\link.1112.read.1.tlog
C:\Data\Development\Visual Studio Projects\AI\AI.Core\Debug\link.1112.write.1.tlog
C:\Data\Development\Visual Studio Projects\AI\AI.Core\Debug\link.1656-cvtres.read.1.tlog
C:\Data\Development\Visual Studio Projects\AI\AI.Core\Debug\link.1656-cvtres.write.1.tlog
C:\Data\Development\Visual Studio Projects\AI\AI.Core\Debug\link.1656-rc.read.1.tlog
C:\Data\Development\Visual Studio Projects\AI\AI.Core\Debug\link.1656-rc.write.1.tlog
C:\Data\Development\Visual Studio Projects\AI\AI.Core\Debug\link.1656.read.1.tlog
C:\Data\Development\Visual Studio Projects\AI\AI.Core\Debug\link.1656.write.1.tlog
C:\Data\Development\Visual Studio Projects\AI\AI.Core\Debug\link.2816-cvtres.read.1.tlog
C:\Data\Development\Visual Studio Projects\AI\AI.Core\Debug\link.2816-cvtres.write.1.tlog
C:\Data\Development\Visual Studio Projects\AI\AI.Core\Debug\link.2816-rc.read.1.tlog
C:\Data\Development\Visual Studio Projects\AI\AI.Core\Debug\link.2816-rc.write.1.tlog
C:\Data\Development\Visual Studio Projects\AI\AI.Core\Debug\link.2816.read.1.tlog
C:\Data\Development\Visual Studio Projects\AI\AI.Core\Debug\link.2816.write.1.tlog
C:\Data\Development\Visual Studio Projects\AI\AI.Core\Debug\link.2928-cvtres.read.1.tlog
C:\Data\Development\Visual Studio Projects\AI\AI.Core\Debug\link.2928-cvtres.write.1.tlog
C:\Data\Development\Visual Studio Projects\AI\AI.Core\Debug\link.2928-rc.read.1.tlog
C:\Data\Development\Visual Studio Projects\AI\AI.Core\Debug\link.2928-rc.write.1.tlog
C:\Data\Development\Visual Studio Projects\AI\AI.Core\Debug\link.2928.read.1.tlog
C:\Data\Development\Visual Studio Projects\AI\AI.Core\Debug\link.2928.write.1.tlog
C:\Data\Development\Visual Studio Projects\AI\AI.Core\Debug\link.3140-cvtres.read.1.tlog
C:\Data\Development\Visual Studio Projects\AI\AI.Core\Debug\link.3140-cvtres.write.1.tlog
C:\Data\Development\Visual Studio Projects\AI\AI.Core\Debug\link.3140-rc.read.1.tlog
C:\Data\Development\Visual Studio Projects\AI\AI.Core\Debug\link.3140-rc.write.1.tlog
C:\Data\Development\Visual Studio Projects\AI\AI.Core\Debug\link.3140.read.1.tlog
C:\Data\Development\Visual Studio Projects\AI\AI.Core\Debug\link.3140.write.1.tlog
C:\Data\Development\Visual Studio Projects\AI\AI.Core\Debug\link.3388-cvtres.read.1.tlog
C:\Data\Development\Visual Studio Projects\AI\AI.Core\Debug\link.3388-cvtres.write.1.tlog
C:\Data\Development\Visual Studio Projects\AI\AI.Core\Debug\link.3388-rc.read.1.tlog
C:\Data\Development\Visual Studio Projects\AI\AI.Core\Debug\link.3388-rc.write.1.tlog
C:\Data\Development\Visual Studio Projects\AI\AI.Core\Debug\link.3388.read.1.tlog
C:\Data\Development\Visual Studio Projects\AI\AI.Core\Debug\link.3388.write.1.tlog
C:\Data\Development\Visual Studio Projects\AI\AI.Core\Debug\link.3672-cvtres.read.1.tlog
C:\Data\Development\Visual Studio Projects\AI\AI.Core\Debug\link.3672-cvtres.write.1.tlog
C:\Data\Development\Visual Studio Projects\AI\AI.Core\Debug\link.3672-rc.read.1.tlog
C:\Data\Development\Visual Studio Projects\AI\AI.Core\Debug\link.3672-rc.write.1.tlog
C:\Data\Development\Visual Studio Projects\AI\AI.Core\Debug\link.3672.read.1.tlog
C:\Data\Development\Visual Studio Projects\AI\AI.Core\Debug\link.3672.write.1.tlog
C:\Data\Development\Visual Studio Projects\AI\AI.Core\Debug\link.3728-cvtres.read.1.tlog
C:\Data\Development\Visual Studio Projects\AI\AI.Core\Debug\link.3728-cvtres.write.1.tlog
C:\Data\Development\Visual Studio Projects\AI\AI.Core\Debug\link.3728-rc.read.1.tlog
C:\Data\Development\Visual Studio Projects\AI\AI.Core\Debug\link.3728-rc.write.1.tlog
C:\Data\Development\Visual Studio Projects\AI\AI.Core\Debug\link.3728.read.1.tlog
C:\Data\Development\Visual Studio Projects\AI\AI.Core\Debug\link.3728.write.1.tlog
C:\Data\Development\Visual Studio Projects\AI\AI.Core\Debug\link.4100-cvtres.read.1.tlog
C:\Data\Development\Visual Studio Projects\AI\AI.Core\Debug\link.4100-cvtres.write.1.tlog
C:\Data\Development\Visual Studio Projects\AI\AI.Core\Debug\link.4100-rc.read.1.tlog
C:\Data\Development\Visual Studio Projects\AI\AI.Core\Debug\link.4100-rc.write.1.tlog
C:\Data\Development\Visual Studio Projects\AI\AI.Core\Debug\link.4100.read.1.tlog
C:\Data\Development\Visual Studio Projects\AI\AI.Core\Debug\link.4100.write.1.tlog
C:\Data\Development\Visual Studio Projects\AI\AI.Core\Debug\link.4192-cvtres.read.1.tlog
C:\Data\Development\Visual Studio Projects\AI\AI.Core\Debug\link.4192-cvtres.write.1.tlog
C:\Data\Development\Visual Studio Projects\AI\AI.Core\Debug\link.4192-rc.read.1.tlog
C:\Data\Development\Visual Studio Projects\AI\AI.Core\Debug\link.4192-rc.write.1.tlog
C:\Data\Development\Visual Studio Projects\AI\AI.Core\Debug\link.4192.read.1.tlog
C:\Data\Development\Visual Studio Projects\AI\AI.Core\Debug\link.4192.write.1.tlog
C:\Data\Development\Visual Studio Projects\AI\AI.Core\Debug\link.4200-cvtres.read.1.tlog
C:\Data\Development\Visual Studio Projects\AI\AI.Core\Debug\link.4200-cvtres.write.1.tlog
C:\Data\Development\Visual Studio Projects\AI\AI.Core\Debug\link.4200-rc.read.1.tlog
C:\Data\Development\Visual Studio Projects\AI\AI.Core\Debug\link.4200-rc.write.1.tlog
C:\Data\Development\Visual Studio Projects\AI\AI.Core\Debug\link.4200.read.1.tlog
C:\Data\Development\Visual Studio Projects\AI\AI.Core\Debug\link.4200.write.1.tlog
C:\Data\Development\Visual Studio Projects\AI\AI.Core\Debug\link.4216-cvtres.read.1.tlog
C:\Data\Development\Visual Studio Projects\AI\AI.Core\Debug\link.4216-cvtres.write.1.tlog
C:\Data\Development\Visual Studio Projects\AI\AI.Core\Debug\link.4216-rc.read.1.tlog
C:\Data\Development\Visual Studio Projects\AI\AI.Core\Debug\link.4216-rc.write.1.tlog
C:\Data\Development\Visual Studio Projects\AI\AI.Core\Debug\link.4216.read.1.tlog
C:\Data\Development\Visual Studio Projects\AI\AI.Core\Debug\link.4216.write.1.tlog
C:\Data\Development\Visual Studio Projects\AI\AI.Core\Debug\link.4244-cvtres.read.1.tlog
C:\Data\Development\Visual Studio Projects\AI\AI.Core\Debug\link.4244-cvtres.write.1.tlog
C:\Data\Development\Visual Studio Projects\AI\AI.Core\Debug\link.4244-rc.read.1.tlog
C:\Data\Development\Visual Studio Projects\AI\AI.Core\Debug\link.4244-rc.write.1.tlog
C:\Data\Development\Visual Studio Projects\AI\AI.Core\Debug\link.4244.read.1.tlog
C:\Data\Development\Visual Studio Projects\AI\AI.Core\Debug\link.4244.write.1.tlog
C:\Data\Development\Visual Studio Projects\AI\AI.Core\Debug\link.4288-cvtres.read.1.tlog
C:\Data\Development\Visual Studio Projects\AI\AI.Core\Debug\link.4288-cvtres.write.1.tlog
C:\Data\Development\Visual Studio Projects\AI\AI.Core\Debug\link.4288-rc.read.1.tlog
C:\Data\Development\Visual Studio Projects\AI\AI.Core\Debug\link.4288-rc.write.1.tlog
C:\Data\Development\Visual Studio Projects\AI\AI.Core\Debug\link.4288.read.1.tlog
C:\Data\Development\Visual Studio Projects\AI\AI.Core\Debug\link.4288.write.1.tlog
C:\Data\Development\Visual Studio Projects\AI\AI.Core\Debug\link.4420-cvtres.read.1.tlog
C:\Data\Development\Visual Studio Projects\AI\AI.Core\Debug\link.4420-cvtres.write.1.tlog
C:\Data\Development\Visual Studio Projects\AI\AI.Core\Debug\link.4420-rc.read.1.tlog
C:\Data\Development\Visual Studio Projects\AI\AI.Core\Debug\link.4420-rc.write.1.tlog
C:\Data\Development\Visual Studio Projects\AI\AI.Core\Debug\link.4420.read.1.tlog
C:\Data\Development\Visual Studio Projects\AI\AI.Core\Debug\link.4420.write.1.tlog
C:\Data\Development\Visual Studio Projects\AI\AI.Core\Debug\link.4572-cvtres.read.1.tlog
C:\Data\Development\Visual Studio Projects\AI\AI.Core\Debug\link.4572-cvtres.write.1.tlog
C:\Data\Development\Visual Studio Projects\AI\AI.Core\Debug\link.4572-rc.read.1.tlog
C:\Data\Development\Visual Studio Projects\AI\AI.Core\Debug\link.4572-rc.write.1.tlog
C:\Data\Development\Visual Studio Projects\AI\AI.Core\Debug\link.4572.read.1.tlog
C:\Data\Development\Visual Studio Projects\AI\AI.Core\Debug\link.4572.write.1.tlog
C:\Data\Development\Visual Studio Projects\AI\AI.Core\Debug\link.4696-cvtres.read.1.tlog
C:\Data\Development\Visual Studio Projects\AI\AI.Core\Debug\link.4696-cvtres.write.1.tlog
C:\Data\Development\Visual Studio Projects\AI\AI.Core\Debug\link.4696-rc.read.1.tlog
C:\Data\Development\Visual Studio Projects\AI\AI.Core\Debug\link.4696-rc.write.1.tlog
C:\Data\Development\Visual Studio Projects\AI\AI.Core\Debug\link.4696.read.1.tlog
C:\Data\Development\Visual Studio Projects\AI\AI.Core\Debug\link.4696.write.1.tlog
C:\Data\Development\Visual Studio Projects\AI\AI.Core\Debug\link.4960-cvtres.read.1.tlog
C:\Data\Development\Visual Studio Projects\AI\AI.Core\Debug\link.4960-cvtres.write.1.tlog
C:\Data\Development\Visual Studio Projects\AI\AI.Core\Debug\link.4960-rc.read.1.tlog
C:\Data\Development\Visual Studio Projects\AI\AI.Core\Debug\link.4960-rc.write.1.tlog
C:\Data\Development\Visual Studio Projects\AI\AI.Core\Debug\link.4960.read.1.tlog
C:\Data\Development\Visual Studio Projects\AI\AI.Core\Debug\link.4960.write.1.tlog
C:\Data\Development\Visual Studio Projects\AI\AI.Core\Debug\link.command.1.tlog
C:\Data\Development\Visual Studio Projects\AI\AI.Core\Debug\link.read.1.tlog
C:\Data\Development\Visual Studio Projects\AI\AI.Core\Debug\link.write.1.tlog
C:\Data\Development\Visual Studio Projects\AI\AI.Core\Debug\metagen.read.1.tlog
C:\Data\Development\Visual Studio Projects\AI\AI.Core\Debug\metagen.write.1.tlog
C:\Data\Development\Visual Studio Projects\AI\AI.Core\Debug\rc.command.1.tlog
C:\Data\Development\Visual Studio Projects\AI\AI.Core\Debug\rc.read.1.tlog
C:\Data\Development\Visual Studio Projects\AI\AI.Core\Debug\rc.write.1.tlog
C:\Data\Development\Visual Studio Projects\AI\AI.Core\Debug\app.res
C:\Data\Development\Visual Studio Projects\AI\AI.Core\Debug\AI.Core.pch
C:\Data\Development\Visual Studio Projects\AI\AI.Core\Debug\AI.Core.pdb
C:\Data\Development\Visual Studio Projects\AI\AI.Core\Debug\vc110.pdb
C:\Data\Development\Visual Studio Projects\AI\AI.Core\Debug\AI.Core.dll.metagen
C:\Data\Development\Visual Studio Projects\AI\AI.Core\Debug\RSAENH.DLL.bi
C:\Data\Development\Visual Studio Projects\AI\AI.Core\Debug\TZRES.DLL.bi
C:\Data\Development\Visual Studio Projects\AI\AI.Core\Debug\AI.Core.dll
